0 info it worked if it ends with ok
1 verbose cli [ '/home/nvm/.nvm/versions/node/v6.10.1/bin/node',
1 verbose cli   '/home/nvm/.nvm/versions/node/v6.10.1/bin/npm',
1 verbose cli   'run',
1 verbose cli   'build' ]
2 info using npm@3.10.10
3 info using node@v6.10.1
4 verbose config Skipping project config: /app/.npmrc. (matches userconfig)
5 verbose run-script [ 'prebuild', 'build', 'postbuild' ]
6 info lifecycle sqlite3-demo@0.0.1~prebuild: sqlite3-demo@0.0.1
7 silly lifecycle sqlite3-demo@0.0.1~prebuild: no script for prebuild, continuing
8 info lifecycle sqlite3-demo@0.0.1~build: sqlite3-demo@0.0.1
9 verbose lifecycle sqlite3-demo@0.0.1~build: unsafe-perm in lifecycle true
10 verbose lifecycle sqlite3-demo@0.0.1~build: PATH: /home/nvm/.nvm/versions/node/v6.10.1/lib/node_modules/npm/bin/node-gyp-bin:/app/node_modules/.bin:/app/bin:/app/.local/bin:/app/node_modules/.bin:/home/nvm/.nvm/versions/node/v6.10.1/bin:/usr/local/go/bin:/usr/local/sbin:/usr/local/bin:/usr/sbin:/usr/bin:/sbin:/bin
11 verbose lifecycle sqlite3-demo@0.0.1~build: CWD: /app
12 silly lifecycle sqlite3-demo@0.0.1~build: Args: [ '-c', 'webpack --config src/client/webpack.config.js' ]
13 info lifecycle sqlite3-demo@0.0.1~build: Failed to exec build script
14 verbose stack Error: sqlite3-demo@0.0.1 build: `webpack --config src/client/webpack.config.js`
14 verbose stack spawn ENOENT
14 verbose stack     at ChildProcess.<anonymous> (/home/nvm/.nvm/versions/node/v6.10.1/lib/node_modules/npm/lib/utils/spawn.js:33:16)
14 verbose stack     at emitTwo (events.js:106:13)
14 verbose stack     at ChildProcess.emit (events.js:191:7)
14 verbose stack     at maybeClose (internal/child_process.js:886:16)
14 verbose stack     at Process.ChildProcess._handle.onexit (internal/child_process.js:226:5)
15 verbose pkgid sqlite3-demo@0.0.1
16 verbose cwd /app
17 error Linux 4.4.0-62-generic
18 error argv "/home/nvm/.nvm/versions/node/v6.10.1/bin/node" "/home/nvm/.nvm/versions/node/v6.10.1/bin/npm" "run" "build"
19 error node v6.10.1
20 error npm  v3.10.10
21 error file sh
22 error code ELIFECYCLE
23 error errno ENOENT
24 error syscall spawn
25 error sqlite3-demo@0.0.1 build: `webpack --config src/client/webpack.config.js`
25 error spawn ENOENT
26 error Failed at the sqlite3-demo@0.0.1 build script 'webpack --config src/client/webpack.config.js'.
26 error Make sure you have the latest version of node.js and npm installed.
26 error If you do, this is most likely a problem with the sqlite3-demo package,
26 error not with npm itself.
26 error Tell the author that this fails on your system:
26 error     webpack --config src/client/webpack.config.js
26 error You can get information on how to open an issue for this project with:
26 error     npm bugs sqlite3-demo
26 error Or if that isn't available, you can get their info via:
26 error     npm owner ls sqlite3-demo
26 error There is likely additional logging output above.
27 verbose exit [ 1, true ]
